INFO:root:Listening on 127.0.0.1:7721
INFO:root:Connection from ('127.0.0.1', 53736) has been established
INFO:root:Received: {"command": "CREATE", "parameter": "this"}
INFO:root:Building response...
INFO:root:Response sent: {"response": "CREATE", "parameter": "this"}
INFO:root:Received: {"command": "QUIT", "parameter": ""}
INFO:root:Building response...
INFO:root:Response sent: {"response": "QUITTING", "parameter": null}
INFO:root:Shutting down...
INFO:root:Listening on 127.0.0.1:7721
INFO:root:Connection from ('127.0.0.1', 53740) has been established
INFO:root:Received: {"command": "CREATE", "parameter": "list"}
INFO:root:Building response...
INFO:root:Response sent: {"response": "CREATE", "parameter": "list"}
INFO:root:Received: {"command": "QUIT", "parameter": ""}
INFO:root:Building response...
INFO:root:Response sent: {"response": "QUITTING", "parameter": null}
INFO:root:Shutting down...
INFO:root:Listening on 127.0.0.1:7721
INFO:root:Connection from ('127.0.0.1', 55007) has been established
INFO:root:Received: {"command": "QUIT", "parameter": ""}
INFO:root:Building response...
INFO:root:Shutting down...
ERROR:root:[Errno 9] Bad file descriptor
INFO:root:Listening on 127.0.0.1:7721
INFO:root:Connection from ('127.0.0.1', 55008) has been established
INFO:root:Received: {"command": "QUIT", "parameter": ""}
INFO:root:Building response...
INFO:root:Response sent: {"response": "QUITTING", "parameter": null}
INFO:root:Shutting down...
INFO:root:Listening on 127.0.0.1:7721
INFO:root:Connection from ('127.0.0.1', 55020) has been established
INFO:root:Received: {"command": "QUIT", "parameter": ""}
INFO:root:Shutting down...
INFO:root:Building response...
ERROR:root:[Errno 9] Bad file descriptor
INFO:root:Listening on 127.0.0.1:7721
INFO:root:Connection from ('127.0.0.1', 55126) has been established
INFO:root:Received: {"command": "CREATE", "parameter": ""}
INFO:root:Building response...
INFO:root:Response sent: {"response": "List created with name ", "parameter": ""}
INFO:root:Received: {"command": "CREATE", "parameter": "todo"}
INFO:root:Building response...
INFO:root:Response sent: {"response": "List created with name todo", "parameter": "todo"}
INFO:root:Received: {"command": "QUIT", "parameter": ""}
INFO:root:Building response...
INFO:root:Response sent: {"response": "QUITTING", "parameter": null}
INFO:root:Shutting down...
INFO:root:Listening on 127.0.0.1:7721
INFO:root:Connection from ('127.0.0.1', 55146) has been established
INFO:root:Received: {"command": "CREATE", "parameter": "todo"}
INFO:root:Building response...
INFO:root:Response sent: {"response": "List created with name todo", "parameter": "todo"}
INFO:root:Received: {"command": "ADD", "parameter": ""}
INFO:root:Building response...
INFO:root:Response sent: {"response": "ADD", "parameter": ""}
INFO:root:Received: {"command": "QUIT", "parameter": ""}
INFO:root:Building response...
INFO:root:Response sent: {"response": "QUITTING", "parameter": null}
INFO:root:Shutting down...
INFO:root:Listening on 127.0.0.1:7721
INFO:root:Connection from ('127.0.0.1', 55197) has been established
INFO:root:Received: {"command": "CREATE", "parameter": "todo"}
INFO:root:Building response...
INFO:root:Response sent: {"response": "List created with name todo", "parameter": "todo"}
INFO:root:Received: {"command": "ADD", "parameter": "wake up"}
INFO:root:Building response...
ERROR:root:'str' object has no attribute 'append'
INFO:root:Listening on 127.0.0.1:7721
INFO:root:Connection from ('127.0.0.1', 55198) has been established
INFO:root:Received: {"command": "CREATE", "parameter": "todo"}
INFO:root:Building response...
INFO:root:Response sent: {"response": "List created with name todo", "parameter": "todo"}
INFO:root:Received: {"command": "ADD", "parameter": "eat"}
INFO:root:Building response...
ERROR:root:'str' object has no attribute 'append'
INFO:root:Listening on 127.0.0.1:7721
INFO:root:Connection from ('127.0.0.1', 55345) has been established
INFO:root:Received: {"command": "CREATE", "parameter": "todo"}
INFO:root:Building response...
INFO:root:Response sent: {"response": "List created with name todo", "parameter": "todo"}
INFO:root:Received: {"command": "ADD", "parameter": "eat"}
INFO:root:Building response...
ERROR:root:'str' object has no attribute 'push'
INFO:root:Listening on 127.0.0.1:7721
INFO:root:Connection from ('127.0.0.1', 55370) has been established
INFO:root:Received: {"command": "CREATE", "parameter": "todo"}
INFO:root:Building response...
INFO:root:Response sent: {"response": "Created list todo"}
INFO:root:Received: 
ERROR:root:Expecting value: line 1 column 1 (char 0)
INFO:root:Listening on 127.0.0.1:7721
INFO:root:Connection from ('127.0.0.1', 55377) has been established
INFO:root:Received: {"command": "CREATE", "parameter": "todo"}
INFO:root:Building response...
INFO:root:Response sent: {"response": "Created list todo"}
INFO:root:Received: {"command": "QUIT", "parameter": ""}
INFO:root:Building response...
INFO:root:Response sent: {"response": "QUITTING", "parameter": null}
INFO:root:Shutting down...
INFO:root:Listening on 127.0.0.1:7721
INFO:root:Connection from ('127.0.0.1', 55380) has been established
INFO:root:Received: {"command": "QUIT", "parameter": ""}
INFO:root:Building response...
ERROR:root:name 'build_response' is not defined
INFO:root:Listening on 127.0.0.1:7721
INFO:root:Connection from ('127.0.0.1', 55383) has been established
INFO:root:Received: {"command": "CREATE", "parameter": "todo"}
INFO:root:Building response...
INFO:root:Response sent: {"response": "Created list todo"}
INFO:root:Received: {"command": "QUIT", "parameter": ""}
INFO:root:Building response...
INFO:root:Response sent: {"response": "QUITTING", "parameter": null}
INFO:root:Shutting down...
INFO:root:Listening on 127.0.0.1:7721
INFO:root:Connection from ('127.0.0.1', 55461) has been established
INFO:root:Received: {"command": "CREATE", "parameter": "todo"}
INFO:root:Building response...
ERROR:root:build_response_and_handle_commands() missing 1 required positional argument: 'item_list'
INFO:root:Listening on 127.0.0.1:7721
INFO:root:Connection from ('127.0.0.1', 55462) has been established
INFO:root:Received: {"command": "CREATE", "parameter": "todo"}
INFO:root:Building response...
INFO:root:Response sent: {"response": "Created list todo"}
INFO:root:Received: {"command": "QUIT", "parameter": ""}
INFO:root:Building response...
INFO:root:Response sent: {"response": "QUITTING", "parameter": null}
INFO:root:Shutting down...
INFO:root:Listening on 127.0.0.1:7721
INFO:root:Connection from ('127.0.0.1', 55463) has been established
INFO:root:Received: {"command": "CREATE", "parameter": "todo"}
INFO:root:Building response...
INFO:root:Response sent: {"response": "Created list todo"}
INFO:root:Received: {"command": "ADD", "parameter": "eat"}
INFO:root:Building response...
ERROR:root:'NoneType' object has no attribute 'encode'
INFO:root:Listening on 127.0.0.1:7721
INFO:root:Connection from ('127.0.0.1', 55499) has been established
INFO:root:Received: {"command": "CREATE", "parameter": "todo"}
INFO:root:Building response...
INFO:root:Response sent: {"response": "Created list todo"}
INFO:root:Received: {"command": "ADD", "parameter": "eat"}
INFO:root:Building response...
INFO:root:Response sent: {"response": "Added eat to list"}
INFO:root:Received: {"command": "ADD", "parameter": "drink"}
INFO:root:Building response...
INFO:root:Response sent: {"response": "Added drink to list"}
INFO:root:Received: {"command": "QUIT", "parameter": ""}
INFO:root:Building response...
INFO:root:Response sent: {"response": "QUITTING", "parameter": null}
INFO:root:Shutting down...
INFO:root:Listening on 127.0.0.1:7721
INFO:root:Connection from ('127.0.0.1', 55504) has been established
INFO:root:Received: {"command": "CREATE", "parameter": "todo"}
INFO:root:Building response...
INFO:root:Response sent: {"response": "Created list todo"}
INFO:root:Received: {"command": "ADD", "parameter": "eat"}
INFO:root:Building response...
INFO:root:Response sent: {"response": "Added eat to list"}
INFO:root:Received: {"command": "ADD", "parameter": "drink"}
INFO:root:Building response...
INFO:root:Response sent: {"response": "Added drink to list"}
INFO:root:Received: {"command": "ADD", "parameter": "sleep"}
INFO:root:Building response...
INFO:root:Response sent: {"response": "Added sleep to list"}
INFO:root:Received: {"command": "QUIT", "parameter": ""}
INFO:root:Building response...
INFO:root:Response sent: {"response": "QUITTING", "parameter": null}
INFO:root:Shutting down...
INFO:root:Listening on 127.0.0.1:7721
INFO:root:Connection from ('127.0.0.1', 55791) has been established
INFO:root:Received: {"command": "CREATE", "parameter": "todo"}
INFO:root:Building response...
INFO:root:Response sent: {"response": "CREATE successful", "parameter": "Created list todo"}
INFO:root:Received: {"command": "ADD", "parameter": "eat"}
INFO:root:Building response...
INFO:root:Response sent: {"response": "ADD successful", "parameter": "Added eat to list"}
INFO:root:Received: {"command": "ADD", "parameter": "drink"}
INFO:root:Building response...
INFO:root:Response sent: {"response": "ADD successful", "parameter": "Added drink to list"}
INFO:root:Received: {"command": "ADD", "parameter": "sleep"}
INFO:root:Building response...
INFO:root:Response sent: {"response": "ADD successful", "parameter": "Added sleep to list"}
INFO:root:Received: {"command": "REMOVE", "parameter": "eat"}
INFO:root:Building response...
INFO:root:Response sent: {"response": "REMOVE successful", "parameter": "Removed eat from list"}
INFO:root:Received: {"command": "REMOVE", "parameter": "drin"}
INFO:root:Building response...
ERROR:root:list.remove(x): x not in list
INFO:root:Listening on 127.0.0.1:7721
INFO:root:Listening on 127.0.0.1:7721
INFO:root:Connection from ('127.0.0.1', 55842) has been established
INFO:root:Received: {"command": "CREATE", "parameter": "todo"}
INFO:root:Building response...
INFO:root:Response sent: {"response": "CREATE successful", "parameter": "Created list todo"}
INFO:root:Received: {"command": "ADD", "parameter": "eat"}
INFO:root:Building response...
INFO:root:Response sent: {"response": "ADD successful", "parameter": "Added eat to list"}
INFO:root:Received: {"command": "ADD", "parameter": "wake up"}
INFO:root:Building response...
INFO:root:Response sent: {"response": "ADD successful", "parameter": "Added wake up to list"}
INFO:root:Received: {"command": "ADD", "parameter": "drink"}
INFO:root:Building response...
INFO:root:Response sent: {"response": "ADD successful", "parameter": "Added drink to list"}
INFO:root:Received: {"command": "ADD", "parameter": "drink"}
INFO:root:Building response...
INFO:root:Response sent: {"response": "ADD unsuccessful", "parameter": "Item drink is in list or list does not yet exist"}
INFO:root:Received: {"command": "ADD", "parameter": "cook"}
INFO:root:Building response...
INFO:root:Response sent: {"response": "ADD successful", "parameter": "Added cook to list"}
INFO:root:Received: {"command": "REMOVE", "parameter": "cook"}
INFO:root:Building response...
INFO:root:Response sent: {"response": null, "parameter": null}
INFO:root:Received: 
ERROR:root:Expecting value: line 1 column 1 (char 0)
INFO:root:Listening on 127.0.0.1:7721
INFO:root:Connection from ('127.0.0.1', 55845) has been established
INFO:root:Received: {"command": "ADD", "parameter": "hello"}
INFO:root:Building response...
INFO:root:Response sent: {"response": "ADD unsuccessful", "parameter": "Item hello is in list or list does not yet exist"}
INFO:root:Received: {"command": "CREATE", "parameter": "todo"}
INFO:root:Building response...
INFO:root:Response sent: {"response": "CREATE successful", "parameter": "Created list todo"}
INFO:root:Received: {"command": "ADD", "parameter": "wake up"}
INFO:root:Building response...
INFO:root:Response sent: {"response": "ADD successful", "parameter": "Added wake up to list"}
INFO:root:Received: {"command": "ADD", "parameter": "get dressed"}
INFO:root:Building response...
INFO:root:Response sent: {"response": "ADD successful", "parameter": "Added get dressed to list"}
INFO:root:Received: {"command": "ADD", "parameter": "brush teeth"}
INFO:root:Building response...
INFO:root:Response sent: {"response": "ADD successful", "parameter": "Added brush teeth to list"}
INFO:root:Received: {"command": "REMOVE", "parameter": "brush teeth"}
INFO:root:Building response...
INFO:root:Response sent: {"response": "REMOVE successful", "parameter": "Item brush teeth removed"}
INFO:root:Received: {"command": "DELETE", "parameter": "wake up"}
INFO:root:Building response...
INFO:root:Response sent: {"response": "DELETE unsuccessful", "parameter": "List wake up does not exist"}
INFO:root:Received: {"command": "DELETE", "parameter": "todo"}
INFO:root:Building response...
INFO:root:Response sent: {"response": "DELETE successful", "parameter": "List todo deleted"}
INFO:root:Received: 
ERROR:root:Expecting value: line 1 column 1 (char 0)
INFO:root:Listening on 127.0.0.1:7721
INFO:root:Connection from ('127.0.0.1', 57580) has been established
INFO:root:Listening on 127.0.0.1:7721
INFO:root:Connection from ('127.0.0.1', 57879) has been established
INFO:root:Received: {"command": "CREATE", "parameter": ""}
INFO:root:Building response...
INFO:root:Response sent: {"response": "CREATE successful", "parameter": "Created list "}
INFO:root:Received: {"command": "REMOVE", "parameter": "item"}
INFO:root:Building response...
INFO:root:Response sent: {"response": "REMOVE unsuccessful", "parameter": "Item not in list or no list exists"}
INFO:root:Received: {"command": "CREATE", "parameter": "todo"}
INFO:root:Building response...
INFO:root:Response sent: {"response": "CREATE Unsuccessful", "parameter": "Active list exists"}
INFO:root:Received: {"command": "ADD", "parameter": ""}
INFO:root:Building response...
INFO:root:Response sent: {"response": "ADD unsuccessful", "parameter": "Item  is in list or list does not yet exist"}
INFO:root:Received: {"command": "ADD", "parameter": "study for final"}
INFO:root:Building response...
INFO:root:Response sent: {"response": "ADD successful", "parameter": "Added study for final to list"}
INFO:root:Received: {"command": "ADD", "parameter": "take final"}
INFO:root:Building response...
INFO:root:Response sent: {"response": "ADD successful", "parameter": "Added take final to list"}
INFO:root:Received: {"command": "ADD", "parameter": "party"}
INFO:root:Building response...
INFO:root:Response sent: {"response": "ADD successful", "parameter": "Added party to list"}
INFO:root:Received: {"command": "ADD", "parameter": "get grades"}
INFO:root:Building response...
INFO:root:Response sent: {"response": "ADD successful", "parameter": "Added get grades to list"}
INFO:root:Received: {"command": "REMOVE", "parameter": "party"}
INFO:root:Building response...
INFO:root:Response sent: {"response": "REMOVE successful", "parameter": "Item party removed"}
INFO:root:Received: {"command": "QUIT", "parameter": ""}
INFO:root:Building response...
INFO:root:Response sent: {"response": "QUITTING", "parameter": null}
INFO:root:Shutting down...
INFO:root:Listening on 127.0.0.1:7721
INFO:root:Connection from ('127.0.0.1', 57968) has been established
INFO:root:Received: {"command": "QUIT", "parameter": ""}
INFO:root:Building response...
INFO:root:Response sent: {"response": "QUITTING", "parameter": null}
INFO:root:Shutting down...
INFO:root:Listening on 127.0.0.1:7721
INFO:root:Connection from ('127.0.0.1', 57996) has been established
INFO:root:Received: {"command": "QUIT", "parameter": ""}
INFO:root:Building response...
INFO:root:Response sent: {"response": "QUITTING", "parameter": null}
INFO:root:Shutting down...
INFO:root:Listening on 127.0.0.1:7721
INFO:root:Connection from ('127.0.0.1', 58004) has been established
INFO:root:Received: {"command": "CREATE", "parameter": "todo"}
INFO:root:Building response...
INFO:root:Response sent: {"response": "CREATE successful", "parameter": "Created list todo"}
INFO:root:Received: {"command": "ADD", "parameter": "go to sleep"}
INFO:root:Building response...
INFO:root:Response sent: {"response": "ADD successful", "parameter": "Added go to sleep to list"}
INFO:root:Received: {"command": "ADD", "parameter": "wakeup"}
INFO:root:Building response...
INFO:root:Response sent: {"response": "ADD successful", "parameter": "Added wakeup to list"}
INFO:root:Received: {"command": "SHOW", "parameter": ""}
INFO:root:Building response...
ERROR:root:'NoneType' object has no attribute 'encode'
INFO:root:Listening on 127.0.0.1:7721
INFO:root:Connection from ('127.0.0.1', 58012) has been established
INFO:root:Received: {"command": "CREATE", "parameter": "todo"}
INFO:root:Building response...
INFO:root:Response sent: {"response": "CREATE successful", "parameter": "Created list todo"}
INFO:root:Received: {"command": "ADD", "parameter": "sleep"}
INFO:root:Building response...
INFO:root:Response sent: {"response": "ADD successful", "parameter": "Added sleep to list"}
INFO:root:Received: {"command": "ADD", "parameter": "eat"}
INFO:root:Building response...
INFO:root:Response sent: {"response": "ADD successful", "parameter": "Added eat to list"}
INFO:root:Received: {"command": "ADD", "parameter": "study"}
INFO:root:Building response...
INFO:root:Response sent: {"response": "ADD successful", "parameter": "Added study to list"}
INFO:root:Received: {"command": "SHOW", "parameter": ""}
INFO:root:Building response...
INFO:root:Response sent: {"response": "SHOW successful", "parameter": "todo,sleep,eat,study"}
INFO:root:Received: {"command": "QUIT", "parameter": ""}
INFO:root:Building response...
INFO:root:Response sent: {"response": "QUITTING", "parameter": null}
INFO:root:Shutting down...
INFO:root:Listening on 127.0.0.1:7721
INFO:root:Connection from ('127.0.0.1', 58037) has been established
INFO:root:Received: {"command": "CREATE", "parameter": "todo"}
INFO:root:Building response...
INFO:root:Response sent: {"response": "CREATE successful", "parameter": "Created list todo"}
INFO:root:Received: {"command": "ADD", "parameter": "sleep"}
INFO:root:Building response...
INFO:root:Response sent: {"response": "ADD successful", "parameter": "Added sleep to list"}
INFO:root:Received: {"command": "ADD", "parameter": "wakeup"}
INFO:root:Building response...
INFO:root:Response sent: {"response": "ADD successful", "parameter": "Added wakeup to list"}
INFO:root:Received: {"command": "ADD", "parameter": "hw"}
INFO:root:Building response...
INFO:root:Response sent: {"response": "ADD successful", "parameter": "Added hw to list"}
INFO:root:Received: {"command": "SHOW", "parameter": ""}
INFO:root:Building response...
INFO:root:Response sent: {"response": "SHOW successful", "parameter": "todo,sleep,wakeup,hw"}
INFO:root:Received: {"command": "QUIT", "parameter": ""}
INFO:root:Building response...
INFO:root:Response sent: {"response": "QUITTING", "parameter": null}
INFO:root:Shutting down...
INFO:root:Listening on 127.0.0.1:7721
INFO:root:Connection from ('127.0.0.1', 58052) has been established
INFO:root:Received: {"command": "SHOW", "parameter": ""}
INFO:root:Building response...
INFO:root:Response sent: {"response": "SHOW unsuccessful", "parameter": "No active list"}
INFO:root:Received: {"command": "QUIT", "parameter": ""}
INFO:root:Building response...
INFO:root:Response sent: {"response": "QUITTING", "parameter": null}
INFO:root:Shutting down...
INFO:root:Listening on 127.0.0.1:7721
INFO:root:Connection from ('127.0.0.1', 58066) has been established
INFO:root:Received: {"command": "SHOW", "parameter": ""}
INFO:root:Building response...
INFO:root:Response sent: {"response": "SHOW successful", "parameter": ""}
INFO:root:Received: {"command": "ADD", "parameter": "hello"}
INFO:root:Building response...
INFO:root:Response sent: {"response": "ADD successful", "parameter": "Added hello to list"}
INFO:root:Received: {"command": "QUIT", "parameter": ""}
INFO:root:Building response...
INFO:root:Response sent: {"response": "QUITTING", "parameter": null}
INFO:root:Shutting down...
INFO:root:Listening on 127.0.0.1:7721
INFO:root:Connection from ('127.0.0.1', 58081) has been established
INFO:root:Received: {"command": "SHOW", "parameter": ""}
INFO:root:Building response...
INFO:root:Response sent: {"response": "SHOW successful", "parameter": ",hello"}
INFO:root:Received: {"command": "QUIT", "parameter": ""}
INFO:root:Building response...
INFO:root:Response sent: {"response": "QUITTING", "parameter": null}
INFO:root:Shutting down...
INFO:root:Listening on 127.0.0.1:7721
INFO:root:Connection from ('127.0.0.1', 58087) has been established
INFO:root:Received: {"command": "DELETE", "parameter": ""}
INFO:root:Building response...
INFO:root:Response sent: {"response": "DELETE successful", "parameter": "List  deleted"}
INFO:root:Received: {"command": "CREATE", "parameter": "todo"}
INFO:root:Building response...
INFO:root:Response sent: {"response": "CREATE Unsuccessful", "parameter": "Active list exists"}
INFO:root:Received: {"command": "DELETE", "parameter": ""}
INFO:root:Building response...
INFO:root:Response sent: {"response": "DELETE successful", "parameter": "List  deleted"}
INFO:root:Received: {"command": "CREATE", "parameter": "todo"}
INFO:root:Building response...
INFO:root:Response sent: {"response": "CREATE Unsuccessful", "parameter": "Active list exists"}
INFO:root:Received: {"command": "QUIT", "parameter": ""}
INFO:root:Building response...
INFO:root:Response sent: {"response": "QUITTING", "parameter": null}
INFO:root:Shutting down...
INFO:root:Listening on 127.0.0.1:7721
INFO:root:Connection from ('127.0.0.1', 58124) has been established
INFO:root:Received: {"command": "CREATE", "parameter": "todo"}
INFO:root:Building response...
INFO:root:Response sent: {"response": "CREATE Unsuccessful", "parameter": "Active list exists"}
INFO:root:Received: {"command": "DELETE", "parameter": ""}
INFO:root:Building response...
INFO:root:Response sent: {"response": "DELETE successful", "parameter": "List  deleted"}
INFO:root:Received: {"command": "CREATE", "parameter": "todo"}
INFO:root:Building response...
INFO:root:Response sent: {"response": "CREATE Unsuccessful", "parameter": "Active list exists"}
INFO:root:Received: {"command": "QUIT", "parameter": ""}
INFO:root:Building response...
INFO:root:Response sent: {"response": "QUITTING", "parameter": null}
INFO:root:Shutting down...
INFO:root:Listening on 127.0.0.1:7721
INFO:root:Connection from ('127.0.0.1', 58190) has been established
INFO:root:Received: {"command": "DELETE", "parameter": ""}
INFO:root:Building response...
INFO:root:Response sent: {"response": "DELETE successful", "parameter": "List  deleted"}
INFO:root:Received: {"command": "CREATE", "parameter": "todo"}
INFO:root:Building response...
INFO:root:Response sent: {"response": "CREATE successful", "parameter": "Created list todo"}
INFO:root:Received: {"command": "REMOVE", "parameter": "todo"}
INFO:root:Building response...
INFO:root:Response sent: {"response": "REMOVE unsuccessful", "parameter": "Item not in list or no list exists"}
INFO:root:Received: {"command": "CREATE", "parameter": "mylist"}
INFO:root:Building response...
INFO:root:Response sent: {"response": "CREATE Unsuccessful", "parameter": "Active list exists"}
INFO:root:Received: {"command": "SHOW", "parameter": ""}
INFO:root:Building response...
INFO:root:Response sent: {"response": "SHOW successful", "parameter": "todo"}
INFO:root:Received: {"command": "ADD", "parameter": "eat"}
INFO:root:Building response...
INFO:root:Response sent: {"response": "ADD successful", "parameter": "Added eat to list"}
INFO:root:Received: {"command": "ADD", "parameter": "school"}
INFO:root:Building response...
INFO:root:Response sent: {"response": "ADD successful", "parameter": "Added school to list"}
INFO:root:Received: {"command": "SHOW", "parameter": ""}
INFO:root:Building response...
INFO:root:Response sent: {"response": "SHOW successful", "parameter": "todo,eat,school"}
INFO:root:Received: {"command": "QUIT", "parameter": ""}
INFO:root:Building response...
INFO:root:Response sent: {"response": "QUITTING", "parameter": null}
INFO:root:Shutting down...
INFO:root:Listening on 127.0.0.1:7721
INFO:root:Connection from ('127.0.0.1', 58209) has been established
INFO:root:Received: {"command": "QUIT", "parameter": ""}
INFO:root:Building response...
INFO:root:Response sent: {"response": "QUITTING", "parameter": null}
INFO:root:Shutting down...
INFO:root:Listening on 127.0.0.1:7721
INFO:root:Connection from ('127.0.0.1', 58250) has been established
INFO:root:Received: {"command": "CREATE", "parameter": "new list"}
INFO:root:Building response...
INFO:root:Response sent: {"response": "CREATE Unsuccessful", "parameter": "Active list exists or empty name"}
INFO:root:Received: {"command": "DELETE", "parameter": ""}
INFO:root:Building response...
INFO:root:Response sent: {"response": "DELETE unsuccessful", "parameter": "List  does not exist"}
INFO:root:Received: {"command": "DELETE", "parameter": ""}
INFO:root:Building response...
INFO:root:Response sent: {"response": "DELETE unsuccessful", "parameter": "List  does not exist"}
INFO:root:Received: {"command": "CREATE", "parameter": "new list"}
INFO:root:Building response...
INFO:root:Response sent: {"response": "CREATE Unsuccessful", "parameter": "Active list exists or empty name"}
INFO:root:Received: {"command": "DELETE", "parameter": ""}
INFO:root:Building response...
INFO:root:Response sent: {"response": "DELETE unsuccessful", "parameter": "List  does not exist"}
INFO:root:Received: {"command": "REMOVE", "parameter": ""}
INFO:root:Building response...
INFO:root:Response sent: {"response": "REMOVE unsuccessful", "parameter": "Item not in list or no list exists"}
INFO:root:Received: {"command": "DELETE", "parameter": ""}
INFO:root:Building response...
INFO:root:Response sent: {"response": "DELETE unsuccessful", "parameter": "List  does not exist"}
INFO:root:Received: {"command": "QUIT", "parameter": ""}
INFO:root:Building response...
INFO:root:Response sent: {"response": "QUITTING", "parameter": null}
INFO:root:Shutting down...
INFO:root:Listening on 127.0.0.1:7721
INFO:root:Connection from ('127.0.0.1', 58254) has been established
INFO:root:Received: {"command": "DELETE", "parameter": ""}
INFO:root:Building response...
INFO:root:Response sent: {"response": "DELETE unsuccessful", "parameter": "List  does not exist"}
INFO:root:Received: {"command": "DELETE", "parameter": "todo"}
INFO:root:Building response...
INFO:root:Response sent: {"response": "DELETE successful", "parameter": "List todo deleted"}
INFO:root:Received: {"command": "CREATE", "parameter": "todo"}
INFO:root:Building response...
INFO:root:Response sent: {"response": "CREATE successful", "parameter": "Created list todo"}
INFO:root:Received: {"command": "SHOW", "parameter": ""}
INFO:root:Building response...
INFO:root:Response sent: {"response": "SHOW successful", "parameter": "todo"}
INFO:root:Received: {"command": "ADD", "parameter": "sleep"}
INFO:root:Building response...
INFO:root:Response sent: {"response": "ADD successful", "parameter": "Added sleep to list"}
INFO:root:Received: {"command": "SHOW", "parameter": ""}
INFO:root:Building response...
INFO:root:Response sent: {"response": "SHOW successful", "parameter": "todo,sleep"}
INFO:root:Received: {"command": "QUIT", "parameter": ""}
INFO:root:Building response...
INFO:root:Response sent: {"response": "QUITTING", "parameter": null}
INFO:root:Shutting down...
INFO:root:Listening on 127.0.0.1:7721
INFO:root:Connection from ('127.0.0.1', 58402) has been established
INFO:root:Received: {"command": "SHOW", "parameter": ""}
INFO:root:Building response...
INFO:root:Response sent: {"response": "SHOW successful", "parameter": "todo,sleep"}
INFO:root:Received: 
ERROR:root:Expecting value: line 1 column 1 (char 0)
INFO:root:Listening on 127.0.0.1:7721
INFO:root:Connection from ('127.0.0.1', 58404) has been established
INFO:root:Received: {"command": "SHOW", "parameter": ""}
INFO:root:Building response...
INFO:root:Response sent: {"response": "SHOW successful", "parameter": "todo,sleep"}
INFO:root:Received: {"command": "SHOW", "parameter": ""}
INFO:root:Building response...
INFO:root:Response sent: {"response": "SHOW successful", "parameter": "todo,sleep"}
INFO:root:Received: {"command": "QUIT", "parameter": ""}
INFO:root:Building response...
INFO:root:Response sent: {"response": "QUITTING", "parameter": null}
INFO:root:Shutting down...
INFO:root:Listening on 127.0.0.1:7721
INFO:root:Connection from ('127.0.0.1', 58542) has been established
INFO:root:Received: {"command": "SHOW", "parameter": ""}
INFO:root:Building response...
INFO:root:Response sent: {"response": "SHOW successful", "parameter": "todo,sleep"}
INFO:root:Received: {"command": "DELETE", "parameter": ""}
INFO:root:Building response...
INFO:root:Response sent: {"response": "DELETE unsuccessful", "parameter": "List  does not exist"}
INFO:root:Received: {"command": "DELETE", "parameter": "todo"}
INFO:root:Building response...
INFO:root:Response sent: {"response": "DELETE successful", "parameter": "List todo deleted"}
INFO:root:Received: {"command": "ADD", "parameter": "hello"}
INFO:root:Building response...
INFO:root:Response sent: {"response": "ADD unsuccessful", "parameter": "Item hello is in list or list does not yet exist"}
INFO:root:Received: {"command": "QUIT", "parameter": ""}
INFO:root:Building response...
INFO:root:Response sent: {"response": "QUITTING", "parameter": null}
INFO:root:Shutting down...
INFO:root:Listening on 127.0.0.1:7721
INFO:root:Connection from ('127.0.0.1', 58549) has been established
INFO:root:Received: {"command": "CREATE", "parameter": ""}
INFO:root:Building response...
INFO:root:Response sent: {"response": "CREATE Unsuccessful", "parameter": "Active list exists or empty name"}
INFO:root:Received: {"command": "QUIT", "parameter": ""}
INFO:root:Building response...
INFO:root:Response sent: {"response": "QUITTING", "parameter": null}
INFO:root:Shutting down...
INFO:root:Listening on 127.0.0.1:7721
INFO:root:Connection from ('127.0.0.1', 58554) has been established
INFO:root:Received: {"command": "CREATE", "parameter": ""}
INFO:root:Building response...
INFO:root:Response sent: {"response": "CREATE Unsuccessful", "parameter": "Active list exists or empty name"}
INFO:root:Received: {"command": "QUIT", "parameter": ""}
INFO:root:Building response...
INFO:root:Response sent: {"response": "QUITTING", "parameter": null}
INFO:root:Shutting down...
INFO:root:Listening on 127.0.0.1:7721
INFO:root:Connection from ('127.0.0.1', 58561) has been established
INFO:root:Received: {"command": "CREATE", "parameter": ""}
INFO:root:Building response...
INFO:root:Response sent: {"response": "CREATE Unsuccessful", "parameter": "Active list exists or empty name"}
INFO:root:Received: {"command": "QUIT", "parameter": ""}
INFO:root:Building response...
INFO:root:Response sent: {"response": "QUITTING", "parameter": null}
INFO:root:Shutting down...
INFO:root:Listening on 127.0.0.1:7721
INFO:root:Connection from ('127.0.0.1', 58567) has been established
INFO:root:Received: {"command": "CREATE", "parameter": "todo"}
INFO:root:Building response...
INFO:root:Response sent: {"response": "CREATE Unsuccessful", "parameter": "Active list exists"}
INFO:root:Received: {"command": "DELETE", "parameter": ""}
INFO:root:Building response...
INFO:root:Response sent: {"response": "DELETE successful", "parameter": "List  deleted"}
INFO:root:Received: {"command": "CREATE", "parameter": ""}
INFO:root:Building response...
INFO:root:Response sent: {"response": "CREATE successful", "parameter": "Created list "}
INFO:root:Received: {"command": "QUIT", "parameter": ""}
INFO:root:Building response...
INFO:root:Response sent: {"response": "QUITTING", "parameter": null}
INFO:root:Shutting down...
INFO:root:Listening on 127.0.0.1:7721
INFO:root:Connection from ('127.0.0.1', 58570) has been established
INFO:root:Received: {"command": "CREATE", "parameter": ""}
INFO:root:Building response...
INFO:root:Response sent: {"response": "CREATE Unsuccessful", "parameter": "Active list exists"}
INFO:root:Received: {"command": "DELETE", "parameter": ""}
INFO:root:Building response...
INFO:root:Response sent: {"response": "DELETE successful", "parameter": "List  deleted"}
INFO:root:Received: {"command": "QUIT", "parameter": ""}
INFO:root:Building response...
INFO:root:Response sent: {"response": "QUITTING", "parameter": null}
INFO:root:Shutting down...
INFO:root:Listening on 127.0.0.1:7721
INFO:root:Connection from ('127.0.0.1', 58573) has been established
INFO:root:Received: {"command": "CREATE", "parameter": ""}
INFO:root:Building response...
INFO:root:Response sent: {"response": "CREATE Unsuccessful", "parameter": "Active list exists"}
INFO:root:Received: {"command": "DELETE", "parameter": ""}
INFO:root:Building response...
INFO:root:Response sent: {"response": "DELETE successful", "parameter": "List  deleted"}
INFO:root:Received: {"command": "QUIT", "parameter": ""}
INFO:root:Building response...
INFO:root:Response sent: {"response": "QUITTING", "parameter": null}
INFO:root:Shutting down...
INFO:root:Listening on 127.0.0.1:7721
INFO:root:Connection from ('127.0.0.1', 58581) has been established
INFO:root:Received: {"command": "CREATE", "parameter": ""}
INFO:root:Building response...
INFO:root:Response sent: {"response": "CREATE Unsuccessful", "parameter": "Active list exists"}
INFO:root:Received: {"command": "QUIT", "parameter": ""}
INFO:root:Building response...
INFO:root:Response sent: {"response": "QUITTING", "parameter": null}
INFO:root:Shutting down...
INFO:root:Listening on 127.0.0.1:7721
INFO:root:Connection from ('127.0.0.1', 58593) has been established
INFO:root:Received: {"command": "CREATE", "parameter": ""}
INFO:root:Building response...
INFO:root:Response sent: {"response": "CREATE successful", "parameter": "Created list "}
INFO:root:Received: {"command": "REMOVE", "parameter": "item"}
INFO:root:Building response...
INFO:root:Response sent: {"response": "REMOVE unsuccessful", "parameter": "Item not in list or no list exists"}
INFO:root:Received: {"command": "CREATE", "parameter": "todo"}
INFO:root:Building response...
INFO:root:Response sent: {"response": "CREATE Unsuccessful", "parameter": "Active list exists"}
INFO:root:Received: {"command": "CREATE", "parameter": "another"}
INFO:root:Building response...
INFO:root:Response sent: {"response": "CREATE Unsuccessful", "parameter": "Active list exists"}
INFO:root:Received: {"command": "SHOW", "parameter": ""}
INFO:root:Building response...
INFO:root:Response sent: {"response": "SHOW successful", "parameter": ""}
INFO:root:Received: {"command": "ADD", "parameter": ""}
INFO:root:Building response...
INFO:root:Response sent: {"response": "ADD unsuccessful", "parameter": "Item  is in list or list does not yet exist"}
INFO:root:Received: {"command": "ADD", "parameter": "study for final"}
INFO:root:Building response...
INFO:root:Response sent: {"response": "ADD successful", "parameter": "Added study for final to list"}
INFO:root:Received: {"command": "ADD", "parameter": "take final"}
INFO:root:Building response...
INFO:root:Response sent: {"response": "ADD successful", "parameter": "Added take final to list"}
INFO:root:Received: {"command": "ADD", "parameter": "party"}
INFO:root:Building response...
INFO:root:Response sent: {"response": "ADD successful", "parameter": "Added party to list"}
INFO:root:Received: {"command": "ADD", "parameter": "grades"}
INFO:root:Building response...
INFO:root:Response sent: {"response": "ADD successful", "parameter": "Added grades to list"}
INFO:root:Received: {"command": "SHOW", "parameter": ""}
INFO:root:Building response...
INFO:root:Response sent: {"response": "SHOW successful", "parameter": ",study for final,take final,party,grades"}
INFO:root:Received: {"command": "REMOVE", "parameter": "party"}
INFO:root:Building response...
INFO:root:Response sent: {"response": "REMOVE successful", "parameter": "Item party removed"}
INFO:root:Received: {"command": "REMOVE", "parameter": "show"}
INFO:root:Building response...
INFO:root:Response sent: {"response": "REMOVE unsuccessful", "parameter": "Item not in list or no list exists"}
INFO:root:Received: {"command": "SHOW", "parameter": ""}
INFO:root:Building response...
INFO:root:Response sent: {"response": "SHOW successful", "parameter": ",study for final,take final,grades"}
INFO:root:Received: {"command": "ADD", "parameter": "resolve to study harder"}
INFO:root:Building response...
INFO:root:Response sent: {"response": "ADD successful", "parameter": "Added resolve to study harder to list"}
INFO:root:Received: {"command": "SHOW", "parameter": ""}
INFO:root:Building response...
INFO:root:Response sent: {"response": "SHOW successful", "parameter": ",study for final,take final,grades,resolve to study harder"}
INFO:root:Received: {"command": "QUIT", "parameter": ""}
INFO:root:Building response...
INFO:root:Response sent: {"response": "QUITTING", "parameter": null}
INFO:root:Shutting down...
INFO:root:Listening on 127.0.0.1:7721
INFO:root:Connection from ('127.0.0.1', 58598) has been established
INFO:root:Received: {"command": "CREATE", "parameter": "mylist"}
INFO:root:Building response...
INFO:root:Response sent: {"response": "CREATE Unsuccessful", "parameter": "Active list exists"}
INFO:root:Received: {"command": "SHOW", "parameter": ""}
INFO:root:Building response...
INFO:root:Response sent: {"response": "SHOW successful", "parameter": ",study for final,take final,grades,resolve to study harder"}
INFO:root:Received: {"command": "REMOVE", "parameter": "take final"}
INFO:root:Building response...
INFO:root:Response sent: {"response": "REMOVE successful", "parameter": "Item take final removed"}
INFO:root:Received: {"command": "SHOW", "parameter": ""}
INFO:root:Building response...
INFO:root:Response sent: {"response": "SHOW successful", "parameter": ",study for final,grades,resolve to study harder"}
INFO:root:Received: {"command": "DELETE", "parameter": ""}
INFO:root:Building response...
INFO:root:Response sent: {"response": "DELETE successful", "parameter": "List  deleted"}
INFO:root:Received: {"command": "DELETE", "parameter": "mylist"}
INFO:root:Building response...
ERROR:root:list index out of range
INFO:root:Listening on 127.0.0.1:7721
INFO:root:Connection from ('127.0.0.1', 58602) has been established
INFO:root:Received: {"command": "DELETE", "parameter": "todo"}
INFO:root:Building response...
INFO:root:Response sent: {"response": "DELETE unsuccessful", "parameter": "List todo does not exist"}
INFO:root:Received: {"command": "DELETE", "parameter": "mylist"}
INFO:root:Building response...
INFO:root:Response sent: {"response": "DELETE unsuccessful", "parameter": "List mylist does not exist"}
INFO:root:Received: {"command": "DELETE", "parameter": ""}
INFO:root:Building response...
INFO:root:Response sent: {"response": "DELETE successful", "parameter": "List  deleted"}
INFO:root:Received: {"command": "QUIT", "parameter": ""}
INFO:root:Building response...
INFO:root:Response sent: {"response": "QUITTING", "parameter": null}
INFO:root:Shutting down...
INFO:root:Listening on 127.0.0.1:7721
INFO:root:Connection from ('127.0.0.1', 58607) has been established
INFO:root:Received: {"command": "DELETE", "parameter": ""}
INFO:root:Building response...
INFO:root:Response sent: {"response": "DELETE successful", "parameter": "List  deleted"}
INFO:root:Received: {"command": "DELETE", "parameter": "mylist"}
INFO:root:Building response...
ERROR:root:list index out of range
INFO:root:Listening on 127.0.0.1:7721
INFO:root:Connection from ('127.0.0.1', 58609) has been established
INFO:root:Received: {"command": "DELETE", "parameter": "mylist"}
INFO:root:Building response...
INFO:root:Response sent: {"response": "DELETE unsuccessful", "parameter": "List mylist does not exist"}
INFO:root:Received: {"command": "DELETE", "parameter": "todo"}
INFO:root:Building response...
INFO:root:Response sent: {"response": "DELETE unsuccessful", "parameter": "List todo does not exist"}
INFO:root:Received: {"command": "CREATE", "parameter": ""}
INFO:root:Building response...
INFO:root:Response sent: {"response": "CREATE Unsuccessful", "parameter": "Active list exists"}
INFO:root:Listening on 127.0.0.1:7721
INFO:root:Connection from ('127.0.0.1', 58614) has been established
INFO:root:Received: {"command": "CREATE", "parameter": ""}
INFO:root:Building response...
INFO:root:Response sent: {"response": "CREATE successful", "parameter": "Created list "}
INFO:root:Received: {"command": "QUIT", "parameter": ""}
INFO:root:Building response...
INFO:root:Response sent: {"response": "QUITTING", "parameter": null}
INFO:root:Shutting down...
INFO:root:Listening on 127.0.0.1:7721
INFO:root:Connection from ('127.0.0.1', 58616) has been established
INFO:root:Received: {"command": "DELETE", "parameter": ""}
INFO:root:Building response...
INFO:root:Response sent: {"response": "DELETE successful", "parameter": "List  deleted"}
INFO:root:Received: {"command": "CREATE", "parameter": ""}
INFO:root:Building response...
INFO:root:Response sent: {"response": "CREATE successful", "parameter": "Created list "}
INFO:root:Received: {"command": "ADD", "parameter": "item"}
INFO:root:Building response...
INFO:root:Response sent: {"response": "ADD successful", "parameter": "Added item to list"}
INFO:root:Received: {"command": "CREATE", "parameter": "StoryOutline"}
INFO:root:Building response...
INFO:root:Response sent: {"response": "CREATE Unsuccessful", "parameter": "Active list exists"}
INFO:root:Received: {"command": "ADD", "parameter": "Boy meets girl"}
INFO:root:Building response...
INFO:root:Response sent: {"response": "ADD successful", "parameter": "Added Boy meets girl to list"}
INFO:root:Received: {"command": "ADD", "parameter": "Boy and girl fall in love"}
INFO:root:Building response...
INFO:root:Response sent: {"response": "ADD successful", "parameter": "Added Boy and girl fall in love to list"}
INFO:root:Received: {"command": "ADD", "parameter": "earth explodes"}
INFO:root:Building response...
INFO:root:Response sent: {"response": "ADD successful", "parameter": "Added earth explodes to list"}
INFO:root:Received: {"command": "SHOW", "parameter": ""}
INFO:root:Building response...
INFO:root:Response sent: {"response": "SHOW successful", "parameter": ",item,Boy meets girl,Boy and girl fall in love,earth explodes"}
INFO:root:Received: {"command": "ADD", "parameter": "the end"}
INFO:root:Building response...
INFO:root:Response sent: {"response": "ADD successful", "parameter": "Added the end to list"}
INFO:root:Received: {"command": "SHOW", "parameter": ""}
INFO:root:Building response...
INFO:root:Response sent: {"response": "SHOW successful", "parameter": ",item,Boy meets girl,Boy and girl fall in love,earth explodes,the end"}
INFO:root:Received: {"command": "DELETE", "parameter": "storyoutline"}
INFO:root:Building response...
INFO:root:Response sent: {"response": "DELETE unsuccessful", "parameter": "List storyoutline does not exist"}
INFO:root:Received: {"command": "DELETE", "parameter": "StoryOutline"}
INFO:root:Building response...
INFO:root:Response sent: {"response": "DELETE unsuccessful", "parameter": "List StoryOutline does not exist"}
INFO:root:Received: {"command": "QUIT", "parameter": ""}
INFO:root:Building response...
INFO:root:Response sent: {"response": "QUITTING", "parameter": null}
INFO:root:Shutting down...
INFO:root:Listening on 127.0.0.1:7721
INFO:root:Listening on 127.0.0.1:7721
INFO:root:Connection from ('127.0.0.1', 58741) has been established
INFO:root:Received: {"command": "QUIT", "parameter": ""}
INFO:root:Building response...
INFO:root:Response sent: {"response": "QUITTING", "parameter": null}
INFO:root:Shutting down...
INFO:root:Listening on 127.0.0.1:7721
INFO:root:Connection from ('127.0.0.1', 58746) has been established
INFO:root:Received: {"command": "CREATE", "parameter": ""}
INFO:root:Building response...
INFO:root:Response sent: {"response": "CREATE successful", "parameter": "Created list "}
INFO:root:Received: {"command": "QUIT", "parameter": ""}
INFO:root:Building response...
INFO:root:Response sent: {"response": "QUITTING", "parameter": null}
INFO:root:Shutting down...
INFO:root:Listening on 127.0.0.1:7721
INFO:root:Connection from ('127.0.0.1', 58749) has been established
INFO:root:Received: {"command": "CREATE", "parameter": ""}
INFO:root:Building response...
INFO:root:Response sent: {"response": "CREATE successful", "parameter": "Created list "}
INFO:root:Received: {"command": "QUIT", "parameter": ""}
INFO:root:Building response...
INFO:root:Response sent: {"response": "QUITTING", "parameter": null}
INFO:root:Shutting down...
INFO:root:Listening on 127.0.0.1:7721
INFO:root:Connection from ('127.0.0.1', 58751) has been established
INFO:root:Received: {"command": "CREATE", "parameter": ""}
INFO:root:Building response...
INFO:root:Response sent: {"response": "CREATE successful", "parameter": "Created list "}
INFO:root:Received: {"command": "QUIT", "parameter": ""}
INFO:root:Building response...
INFO:root:Response sent: {"response": "QUITTING", "parameter": null}
INFO:root:Shutting down...
INFO:root:Listening on 127.0.0.1:7721
INFO:root:Connection from ('127.0.0.1', 58754) has been established
INFO:root:Received: {"command": "CREATE", "parameter": ""}
INFO:root:Building response...
INFO:root:Response sent: {"response": "CREATE successful", "parameter": "Created list "}
INFO:root:Received: {"command": "QUIT", "parameter": ""}
INFO:root:Building response...
INFO:root:Response sent: {"response": "QUITTING", "parameter": null}
INFO:root:Shutting down...
INFO:root:Listening on 127.0.0.1:7721
INFO:root:Connection from ('127.0.0.1', 58757) has been established
INFO:root:Received: {"command": "CREATE", "parameter": ""}
INFO:root:Building response...
INFO:root:Response sent: {"response": "CREATE successful", "parameter": "Created list "}
INFO:root:Received: {"command": "QUIT", "parameter": ""}
INFO:root:Building response...
INFO:root:Response sent: {"response": "QUITTING", "parameter": null}
INFO:root:Shutting down...
INFO:root:Listening on 127.0.0.1:7721
INFO:root:Connection from ('127.0.0.1', 58758) has been established
INFO:root:Received: {"command": "CREATE", "parameter": ""}
INFO:root:Building response...
INFO:root:Response sent: {"response": "CREATE successful", "parameter": "Created list "}
INFO:root:Received: 
ERROR:root:Expecting value: line 1 column 1 (char 0)
INFO:root:Listening on 127.0.0.1:7721
INFO:root:Connection from ('127.0.0.1', 58763) has been established
INFO:root:Received: 
ERROR:root:Expecting value: line 1 column 1 (char 0)
INFO:root:Listening on 127.0.0.1:7721
INFO:root:Connection from ('127.0.0.1', 58765) has been established
INFO:root:Listening on 127.0.0.1:7721
INFO:root:Connection from ('127.0.0.1', 58770) has been established
INFO:root:Received: {"command": "QUIT", "parameter": ""}
INFO:root:Building response...
INFO:root:Response sent: {"response": "QUITTING", "parameter": null}
INFO:root:Shutting down...
INFO:root:Listening on 127.0.0.1:7721
INFO:root:Connection from ('127.0.0.1', 58773) has been established
INFO:root:Received: 
ERROR:root:Expecting value: line 1 column 1 (char 0)
INFO:root:Connection from ('127.0.0.1', 58776) has been established
INFO:root:Received: {"command": "QUIT", "parameter": ""}
INFO:root:Building response...
INFO:root:Response sent: {"response": "QUITTING", "parameter": null}
INFO:root:Shutting down...
INFO:root:Listening on 127.0.0.1:7721
INFO:root:Connection from ('127.0.0.1', 58782) has been established
INFO:root:Received: 
ERROR:root:Expecting value: line 1 column 1 (char 0)
INFO:root:Connection from ('127.0.0.1', 58783) has been established
INFO:root:Received: 
ERROR:root:Expecting value: line 1 column 1 (char 0)
INFO:root:Connection from ('127.0.0.1', 58792) has been established
INFO:root:Received: 
ERROR:root:Expecting value: line 1 column 1 (char 0)
INFO:root:Connection from ('127.0.0.1', 58795) has been established
INFO:root:Received: 
ERROR:root:Expecting value: line 1 column 1 (char 0)
INFO:root:Connection from ('127.0.0.1', 58797) has been established
INFO:root:Received: {"command": "CREATE", "parameter": ""}
INFO:root:Building response...
INFO:root:Response sent: {"response": "CREATE successful", "parameter": "Created list "}
INFO:root:Received: 
ERROR:root:Expecting value: line 1 column 1 (char 0)
INFO:root:Connection from ('127.0.0.1', 58798) has been established
INFO:root:Received: {"command": "CREATE", "parameter": ""}
INFO:root:Building response...
INFO:root:Response sent: {"response": "CREATE successful", "parameter": "Created list "}
INFO:root:Received: 
ERROR:root:Expecting value: line 1 column 1 (char 0)
INFO:root:Connection from ('127.0.0.1', 58801) has been established
INFO:root:Received: 
ERROR:root:Expecting value: line 1 column 1 (char 0)
INFO:root:Connection from ('127.0.0.1', 58802) has been established
INFO:root:Received: {"command": "CREATE", "parameter": ""}
INFO:root:Building response...
INFO:root:Response sent: {"response": "CREATE successful", "parameter": "Created list "}
INFO:root:Received: 
ERROR:root:Expecting value: line 1 column 1 (char 0)
INFO:root:Connection from ('127.0.0.1', 58803) has been established
INFO:root:Received: {"command": "CREATE", "parameter": "todo"}
INFO:root:Building response...
INFO:root:Response sent: {"response": "CREATE successful", "parameter": "Created list todo"}
INFO:root:Received: {"command": "QUIT", "parameter": ""}
INFO:root:Building response...
INFO:root:Response sent: {"response": "QUITTING", "parameter": null}
INFO:root:Shutting down...
INFO:root:Listening on 127.0.0.1:7721
INFO:root:Connection from ('127.0.0.1', 58804) has been established
INFO:root:Received: {"command": "REMOVE", "parameter": "item"}
INFO:root:Building response...
INFO:root:Response sent: {"response": "REMOVE unsuccessful", "parameter": "Item not in list or no list exists"}
INFO:root:Received: {"command": "CREATE", "parameter": "todo"}
INFO:root:Building response...
INFO:root:Response sent: {"response": "CREATE successful", "parameter": "Created list todo"}
INFO:root:Received: {"command": "CREATE", "parameter": "another"}
INFO:root:Building response...
INFO:root:Response sent: {"response": "CREATE successful", "parameter": "Created list another"}
INFO:root:Listening on 127.0.0.1:7721
INFO:root:Connection from ('127.0.0.1', 58812) has been established
INFO:root:Received: {"command": "CREATE", "parameter": "todo"}
INFO:root:Building response...
INFO:root:Response sent: {"response": "CREATE successful", "parameter": "Created list todo"}
INFO:root:Received: {"command": "CREATE", "parameter": "another"}
INFO:root:Building response...
INFO:root:Response sent: {"response": "CREATE successful", "parameter": "Created list another"}
INFO:root:Listening on 127.0.0.1:7721
INFO:root:Connection from ('127.0.0.1', 58816) has been established
INFO:root:Received: {"command": "CREATE", "parameter": "todo"}
INFO:root:Building response...
INFO:root:Response sent: {"response": "CREATE successful", "parameter": "Created list todo"}
INFO:root:Listening on 127.0.0.1:7721
INFO:root:Connection from ('127.0.0.1', 58827) has been established
INFO:root:Received: {"command": "CREATE", "parameter": "todo"}
INFO:root:Building response...
INFO:root:Response sent: {"response": "CREATE Unsuccessful", "parameter": "Active list exists"}
INFO:root:Listening on 127.0.0.1:7721
INFO:root:Connection from ('127.0.0.1', 58833) has been established
INFO:root:Received: {"command": "CREATE", "parameter": "todo"}
INFO:root:Building response...
INFO:root:Response sent: {"response": "CREATE successful", "parameter": "Created list todo"}
INFO:root:Received: {"command": "CREATE", "parameter": "another"}
INFO:root:Building response...
INFO:root:Response sent: {"response": "CREATE Unsuccessful", "parameter": "Active list exists"}
INFO:root:Received: {"command": "SHOW", "parameter": ""}
INFO:root:Building response...
INFO:root:Response sent: {"response": "SHOW successful", "parameter": "todo"}
INFO:root:Received: {"command": "ADD", "parameter": "study for final"}
INFO:root:Building response...
INFO:root:Response sent: {"response": "ADD successful", "parameter": "Added study for final to list"}
INFO:root:Received: {"command": "ADD", "parameter": "take final"}
INFO:root:Building response...
INFO:root:Response sent: {"response": "ADD successful", "parameter": "Added take final to list"}
INFO:root:Received: {"command": "ADD", "parameter": "party"}
INFO:root:Building response...
INFO:root:Response sent: {"response": "ADD successful", "parameter": "Added party to list"}
INFO:root:Received: {"command": "ADD", "parameter": "get grades"}
INFO:root:Building response...
INFO:root:Response sent: {"response": "ADD successful", "parameter": "Added get grades to list"}
INFO:root:Received: {"command": "SHOW", "parameter": ""}
INFO:root:Building response...
INFO:root:Response sent: {"response": "SHOW successful", "parameter": "todo,study for final,take final,party,get grades"}
INFO:root:Received: {"command": "REMOVE", "parameter": "party"}
INFO:root:Building response...
INFO:root:Response sent: {"response": "REMOVE successful", "parameter": "Item party removed"}
INFO:root:Received: {"command": "SHOW", "parameter": ""}
INFO:root:Building response...
INFO:root:Response sent: {"response": "SHOW successful", "parameter": "todo,study for final,take final,get grades"}
INFO:root:Received: {"command": "ADD", "parameter": "resolve to study harder"}
INFO:root:Building response...
INFO:root:Response sent: {"response": "ADD successful", "parameter": "Added resolve to study harder to list"}
INFO:root:Received: {"command": "REMOVE", "parameter": "study for final"}
INFO:root:Building response...
INFO:root:Response sent: {"response": "REMOVE successful", "parameter": "Item study for final removed"}
INFO:root:Received: {"command": "SHOW", "parameter": ""}
INFO:root:Building response...
INFO:root:Response sent: {"response": "SHOW successful", "parameter": "todo,take final,get grades,resolve to study harder"}
INFO:root:Received: {"command": "QUIT", "parameter": ""}
INFO:root:Building response...
INFO:root:Response sent: {"response": "QUITTING", "parameter": null}
INFO:root:Shutting down...
INFO:root:Listening on 127.0.0.1:7721
INFO:root:Connection from ('127.0.0.1', 58838) has been established
INFO:root:Received: {"command": "CREATE", "parameter": "mylist"}
INFO:root:Building response...
INFO:root:Response sent: {"response": "CREATE Unsuccessful", "parameter": "Active list exists"}
INFO:root:Received: {"command": "SHOW", "parameter": ""}
INFO:root:Building response...
INFO:root:Response sent: {"response": "SHOW successful", "parameter": "todo,take final,get grades,resolve to study harder"}
INFO:root:Received: {"command": "REMOVE", "parameter": "take final"}
INFO:root:Building response...
INFO:root:Response sent: {"response": "REMOVE successful", "parameter": "Item take final removed"}
INFO:root:Received: {"command": "SHOW", "parameter": ""}
INFO:root:Building response...
INFO:root:Response sent: {"response": "SHOW successful", "parameter": "todo,get grades,resolve to study harder"}
INFO:root:Received: {"command": "DELETE", "parameter": "mylist"}
INFO:root:Building response...
INFO:root:Response sent: {"response": "DELETE unsuccessful", "parameter": "List mylist does not exist"}
INFO:root:Received: {"command": "DELETE", "parameter": "todo"}
INFO:root:Building response...
INFO:root:Response sent: {"response": "DELETE successful", "parameter": "List todo deleted"}
INFO:root:Received: {"command": "ADD", "parameter": "item"}
INFO:root:Building response...
INFO:root:Response sent: {"response": "ADD unsuccessful", "parameter": "Item item is in list or list does not yet exist"}
INFO:root:Received: {"command": "CREATE", "parameter": "StoryOutline"}
INFO:root:Building response...
INFO:root:Response sent: {"response": "CREATE successful", "parameter": "Created list StoryOutline"}
INFO:root:Received: {"command": "ADD", "parameter": "Boy meets girl"}
INFO:root:Building response...
INFO:root:Response sent: {"response": "ADD successful", "parameter": "Added Boy meets girl to list"}
INFO:root:Received: {"command": "ADD", "parameter": "Boy and girl fall in love"}
INFO:root:Building response...
INFO:root:Response sent: {"response": "ADD successful", "parameter": "Added Boy and girl fall in love to list"}
INFO:root:Received: {"command": "ADD", "parameter": "earth explodes"}
INFO:root:Building response...
INFO:root:Response sent: {"response": "ADD successful", "parameter": "Added earth explodes to list"}
INFO:root:Received: {"command": "SHOW", "parameter": ""}
INFO:root:Building response...
INFO:root:Response sent: {"response": "SHOW successful", "parameter": "StoryOutline,Boy meets girl,Boy and girl fall in love,earth explodes"}
INFO:root:Received: {"command": "ADD", "parameter": "the end"}
INFO:root:Building response...
INFO:root:Response sent: {"response": "ADD successful", "parameter": "Added the end to list"}
INFO:root:Received: {"command": "SHOW", "parameter": ""}
INFO:root:Building response...
INFO:root:Response sent: {"response": "SHOW successful", "parameter": "StoryOutline,Boy meets girl,Boy and girl fall in love,earth explodes,the end"}
INFO:root:Received: {"command": "REMOVE", "parameter": "earth explodes"}
INFO:root:Building response...
INFO:root:Response sent: {"response": "REMOVE successful", "parameter": "Item earth explodes removed"}
INFO:root:Received: {"command": "SHOW", "parameter": ""}
INFO:root:Building response...
INFO:root:Response sent: {"response": "SHOW successful", "parameter": "StoryOutline,Boy meets girl,Boy and girl fall in love,the end"}
INFO:root:Received: {"command": "REMOVE", "parameter": "earth explodes"}
INFO:root:Building response...
INFO:root:Response sent: {"response": "REMOVE unsuccessful", "parameter": "Item not in list or no list exists"}
INFO:root:Received: {"command": "SHOW", "parameter": ""}
INFO:root:Building response...
INFO:root:Response sent: {"response": "SHOW successful", "parameter": "StoryOutline,Boy meets girl,Boy and girl fall in love,the end"}
INFO:root:Received: {"command": "DELETE", "parameter": "storyoutline"}
INFO:root:Building response...
INFO:root:Response sent: {"response": "DELETE unsuccessful", "parameter": "List storyoutline does not exist"}
INFO:root:Received: {"command": "DELETE", "parameter": "StoryOutline"}
INFO:root:Building response...
INFO:root:Response sent: {"response": "DELETE successful", "parameter": "List StoryOutline deleted"}
INFO:root:Received: {"command": "QUIT", "parameter": ""}
INFO:root:Building response...
INFO:root:Response sent: {"response": "QUITTING", "parameter": null}
INFO:root:Shutting down...
INFO:root:Listening on 127.0.0.1:7721
INFO:root:Connection from ('127.0.0.1', 52564) has been established
INFO:root:Received: {"command": "ADD", "parameter": "hello"}
INFO:root:Building response...
INFO:root:Response sent: {"response": "ADD successful", "parameter": "Added hello to list"}
INFO:root:Received: {"command": "SHOW", "parameter": ""}
INFO:root:Building response...
INFO:root:Response sent: {"response": "SHOW successful", "parameter": ",hello"}
INFO:root:Received: 
ERROR:root:Expecting value: line 1 column 1 (char 0)
